
> my-app@0.1.0 start /home/bhaskar/Development/react/my-app
> react-scripts start

Starting the development server...

Compiled successfully!

The app is running at:

  http://localhost:3000/

Note that the development build is not optimized.
To create a production build, use npm run build.

Killed

npm ERR! Linux 5.4.0-1026-azure
npm ERR! argv "/usr/bin/node" "/usr/bin/npm" "start"
npm ERR! node v8.10.0
npm ERR! npm  v3.5.2
npm ERR! code ELIFECYCLE
npm ERR! my-app@0.1.0 start: `react-scripts start`
npm ERR! Exit status 137
npm ERR! 
npm ERR! Failed at the my-app@0.1.0 start script 'react-scripts start'.
npm ERR! Make sure you have the latest version of node.js and npm installed.
npm ERR! If you do, this is most likely a problem with the my-app package,
npm ERR! not with npm itself.
npm ERR! Tell the author that this fails on your system:
npm ERR!     react-scripts start
npm ERR! You can get information on how to open an issue for this project with:
npm ERR!     npm bugs my-app
npm ERR! Or if that isn't available, you can get their info via:
npm ERR!     npm owner ls my-app
npm ERR! There is likely additional logging output above.

npm ERR! Please include the following file with any support request:
npm ERR!     /home/bhaskar/Development/react/my-app/npm-debug.log

> my-app@0.1.0 start /home/bhaskar/Development/react/my-app
> react-scripts start

Starting the development server...

Failed to compile.

Error in ./src/index.js

/home/bhaskar/Development/react/my-app/src/index.js
   1:22  error  'React' is not defined                   no-undef
   4:7   error  'React' must be in scope when using JSX  react/react-in-jsx-scope
  11:21  error  'React' is not defined                   no-undef
  13:12  error  'React' must be in scope when using JSX  react/react-in-jsx-scope
  20:7   error  'React' must be in scope when using JSX  react/react-in-jsx-scope
  21:9   error  'React' must be in scope when using JSX  react/react-in-jsx-scope
  22:9   error  'React' must be in scope when using JSX  react/react-in-jsx-scope
  27:9   error  'React' must be in scope when using JSX  react/react-in-jsx-scope
  32:9   error  'React' must be in scope when using JSX  react/react-in-jsx-scope
  42:20  error  'React' is not defined                   no-undef
  45:7   error  'React' must be in scope when using JSX  react/react-in-jsx-scope
  46:9   error  'React' must be in scope when using JSX  react/react-in-jsx-scope
  47:11  error  'React' must be in scope when using JSX  react/react-in-jsx-scope
  49:9   error  'React' must be in scope when using JSX  react/react-in-jsx-scope
  50:11  error  'React' must be in scope when using JSX  react/react-in-jsx-scope
  51:11  error  'React' must be in scope when using JSX  react/react-in-jsx-scope
  60:1   error  'ReactDOM' is not defined                no-undef
  61:3   error  'React' must be in scope when using JSX  react/react-in-jsx-scope

✖ 18 problems (18 errors, 0 warnings)


Killed

npm ERR! Linux 5.4.0-1026-azure
npm ERR! argv "/usr/bin/node" "/usr/bin/npm" "start"
npm ERR! node v8.10.0
npm ERR! npm  v3.5.2
npm ERR! code ELIFECYCLE
npm ERR! my-app@0.1.0 start: `react-scripts start`
npm ERR! Exit status 137
npm ERR! 
npm ERR! Failed at the my-app@0.1.0 start script 'react-scripts start'.
npm ERR! Make sure you have the latest version of node.js and npm installed.
npm ERR! If you do, this is most likely a problem with the my-app package,
npm ERR! not with npm itself.
npm ERR! Tell the author that this fails on your system:
npm ERR!     react-scripts start
npm ERR! You can get information on how to open an issue for this project with:
npm ERR!     npm bugs my-app
npm ERR! Or if that isn't available, you can get their info via:
npm ERR!     npm owner ls my-app
npm ERR! There is likely additional logging output above.

npm ERR! Please include the following file with any support request:
npm ERR!     /home/bhaskar/Development/react/my-app/npm-debug.log
